[logs/Android_Any device name INFO ] 2020-11-29 16:29:36.000 - Android
[logs/Android_Any device name INFO ] 2020-11-29 16:29:42.568 - Username entered
[logs/Android_Any device name INFO ] 2020-11-29 16:29:44.443 - Password entered
[logs/Android_Any device name INFO ] 2020-11-29 16:52:24.009 - Android
[logs/Android_Any device name INFO ] 2020-11-29 16:52:29.558 - Field Usernameis cleared
[logs/Android_Any device name INFO ] 2020-11-29 16:52:29.671 - Element Usernameis visible
[logs/Android_Any device name INFO ] 2020-11-29 16:52:30.285 - Element standard_useris sent value: standard_user
[logs/Android_Any device name INFO ] 2020-11-29 16:52:30.285 - Entered with username : standard_user
[logs/Android_Any device name INFO ] 2020-11-29 16:52:30.857 - Field Passwordis cleared
[logs/Android_Any device name INFO ] 2020-11-29 16:52:30.857 - Entered with password : invalidpassword
[logs/Android_Any device name INFO ] 2020-11-29 16:52:30.992 - Element is visible
[logs/Android_Any device name INFO ] 2020-11-29 16:52:31.762 - Element is clicked
[logs/Android_Any device name INFO ] 2020-11-29 16:52:31.763 - Login button is clicked
[logs/Android_Any device name INFO ] 2020-11-29 16:52:32.355 - Element Password is requiredis visible
[logs/Android_Any device name INFO ] 2020-11-29 16:52:32.530 - Text obtianed is : Password is required
[logs/Android_Any device name INFO ] 2020-11-29 16:52:33.962 - Field Usernameis cleared
[logs/Android_Any device name INFO ] 2020-11-29 16:52:34.073 - Element Usernameis visible
[logs/Android_Any device name INFO ] 2020-11-29 16:52:34.690 - Element invalidusernameis sent value: invalidusername
[logs/Android_Any device name INFO ] 2020-11-29 16:52:34.691 - Entered with username : invalidusername
[logs/Android_Any device name INFO ] 2020-11-29 16:52:35.256 - Field Passwordis cleared
[logs/Android_Any device name INFO ] 2020-11-29 16:52:35.256 - Entered with password : secret_sauce
[logs/Android_Any device name INFO ] 2020-11-29 16:52:35.344 - Element is visible
[logs/Android_Any device name INFO ] 2020-11-29 16:52:35.499 - Element is clicked
[logs/Android_Any device name INFO ] 2020-11-29 16:52:35.500 - Login button is clicked
[logs/Android_Any device name INFO ] 2020-11-29 16:52:35.840 - Element Password is requiredis visible
[logs/Android_Any device name INFO ] 2020-11-29 16:52:36.002 - Text obtianed is : Password is required
[logs/Android_Any device name INFO ] 2020-11-29 16:52:37.334 - Field Usernameis cleared
[logs/Android_Any device name INFO ] 2020-11-29 16:52:37.467 - Element Usernameis visible
[logs/Android_Any device name INFO ] 2020-11-29 16:52:38.558 - Element standard_useris sent value: standard_user
[logs/Android_Any device name INFO ] 2020-11-29 16:52:38.559 - Entered with username : standard_user
[logs/Android_Any device name INFO ] 2020-11-29 16:52:39.191 - Field Passwordis cleared
[logs/Android_Any device name INFO ] 2020-11-29 16:52:39.191 - Entered with password : secret_sauce
[logs/Android_Any device name INFO ] 2020-11-29 16:52:39.292 - Element is visible
[logs/Android_Any device name INFO ] 2020-11-29 16:52:39.454 - Element is clicked
[logs/Android_Any device name INFO ] 2020-11-29 16:52:39.454 - Login button is clicked
[logs/Android_Any device name INFO ] 2020-11-30 12:08:02.926 - Android
[logs/Android_Any device name INFO ] 2020-11-30 12:08:10.298 - Field Usernameis cleared
[logs/Android_Any device name INFO ] 2020-11-30 12:08:10.666 - Element Usernameis visible
[logs/Android_Any device name INFO ] 2020-11-30 12:08:12.293 - Element invalidusernameis sent value: invalidusername
[logs/Android_Any device name INFO ] 2020-11-30 12:08:12.294 - Entered with username : invalidusername
[logs/Android_Any device name INFO ] 2020-11-30 12:08:13.053 - Field Passwordis cleared
[logs/Android_Any device name INFO ] 2020-11-30 12:08:13.228 - Element invalidusernameis visible
[logs/Android_Any device name INFO ] 2020-11-30 12:08:14.092 - Element secret_sauceis sent value: secret_sauce
[logs/Android_Any device name INFO ] 2020-11-30 12:08:14.093 - Entered with password : secret_sauce
[logs/Android_Any device name INFO ] 2020-11-30 12:08:14.348 - Element is visible
[logs/Android_Any device name INFO ] 2020-11-30 12:08:15.427 - Element is clicked
[logs/Android_Any device name INFO ] 2020-11-30 12:08:15.428 - Login button is clicked
[logs/Android_Any device name INFO ] 2020-11-30 12:08:17.802 - Element Password is requiredis visible
[logs/Android_Any device name INFO ] 2020-11-30 12:08:18.301 - Text obtianed is : Password is required
[logs/Android_Any device name INFO ] 2020-11-30 12:08:20.011 - Field Usernameis cleared
[logs/Android_Any device name INFO ] 2020-11-30 12:08:20.147 - Element Usernameis visible
[logs/Android_Any device name INFO ] 2020-11-30 12:08:21.316 - Element standard_useris sent value: standard_user
[logs/Android_Any device name INFO ] 2020-11-30 12:08:21.317 - Entered with username : standard_user
[logs/Android_Any device name INFO ] 2020-11-30 12:08:21.949 - Field Passwordis cleared
[logs/Android_Any device name INFO ] 2020-11-30 12:08:22.120 - Element standard_useris visible
[logs/Android_Any device name INFO ] 2020-11-30 12:08:23.590 - Element secret_sauceis sent value: secret_sauce
[logs/Android_Any device name INFO ] 2020-11-30 12:08:23.591 - Entered with password : secret_sauce
[logs/Android_Any device name INFO ] 2020-11-30 12:08:23.754 - Element is visible
[logs/Android_Any device name INFO ] 2020-11-30 12:08:24.021 - Element is clicked
[logs/Android_Any device name INFO ] 2020-11-30 12:08:24.022 - Login button is clicked
[logs/Android_Any device name INFO ] 2020-11-30 12:14:35.007 - Android
[logs/Android_Any device name INFO ] 2020-11-30 12:14:40.456 - Field Usernameis cleared
[logs/Android_Any device name INFO ] 2020-11-30 12:14:40.567 - Element Usernameis visible
[logs/Android_Any device name INFO ] 2020-11-30 12:14:41.171 - Element standard_useris sent value: standard_user
[logs/Android_Any device name INFO ] 2020-11-30 12:14:41.172 - Entered with username : standard_user
[logs/Android_Any device name INFO ] 2020-11-30 12:14:41.756 - Field Passwordis cleared
[logs/Android_Any device name INFO ] 2020-11-30 12:14:41.852 - Element Passwordis visible
[logs/Android_Any device name INFO ] 2020-11-30 12:14:42.951 - Element •••••••••••••••is sent value: invalidpassword
[logs/Android_Any device name INFO ] 2020-11-30 12:14:42.952 - Entered with password : invalidpassword
[logs/Android_Any device name INFO ] 2020-11-30 12:14:43.066 - Element is visible
[logs/Android_Any device name INFO ] 2020-11-30 12:14:43.291 - Element is clicked
[logs/Android_Any device name INFO ] 2020-11-30 12:14:43.292 - Login button is clicked
[logs/Android_Any device name INFO ] 2020-11-30 12:14:44.235 - Element Username and password do not match any user in this service.is visible
[logs/Android_Any device name INFO ] 2020-11-30 12:14:44.346 - Text obtianed is : Username and password do not match any user in this service.
[logs/Android_Any device name INFO ] 2020-11-30 12:14:45.613 - Field Usernameis cleared
[logs/Android_Any device name INFO ] 2020-11-30 12:14:45.798 - Element Usernameis visible
[logs/Android_Any device name INFO ] 2020-11-30 12:14:46.945 - Element invalidusernameis sent value: invalidusername
[logs/Android_Any device name INFO ] 2020-11-30 12:14:46.946 - Entered with username : invalidusername
[logs/Android_Any device name INFO ] 2020-11-30 12:14:47.580 - Field Passwordis cleared
[logs/Android_Any device name INFO ] 2020-11-30 12:14:47.754 - Element Passwordis visible
[logs/Android_Any device name INFO ] 2020-11-30 12:14:48.438 - Element ••••••••••••is sent value: secret_sauce
[logs/Android_Any device name INFO ] 2020-11-30 12:14:48.438 - Entered with password : secret_sauce
[logs/Android_Any device name INFO ] 2020-11-30 12:14:48.531 - Element is visible
[logs/Android_Any device name INFO ] 2020-11-30 12:14:48.689 - Element is clicked
[logs/Android_Any device name INFO ] 2020-11-30 12:14:48.689 - Login button is clicked
[logs/Android_Any device name INFO ] 2020-11-30 12:14:48.988 - Element Username and password do not match any user in this service.is visible
[logs/Android_Any device name INFO ] 2020-11-30 12:14:49.099 - Text obtianed is : Username and password do not match any user in this service.
[logs/Android_Any device name INFO ] 2020-11-30 12:14:49.774 - Field Usernameis cleared
[logs/Android_Any device name INFO ] 2020-11-30 12:14:49.857 - Element Usernameis visible
[logs/Android_Any device name INFO ] 2020-11-30 12:14:50.450 - Element standard_useris sent value: standard_user
[logs/Android_Any device name INFO ] 2020-11-30 12:14:50.450 - Entered with username : standard_user
[logs/Android_Any device name INFO ] 2020-11-30 12:14:51.002 - Field Passwordis cleared
[logs/Android_Any device name INFO ] 2020-11-30 12:14:51.093 - Element Passwordis visible
[logs/Android_Any device name INFO ] 2020-11-30 12:14:52.189 - Element ••••••••••••is sent value: secret_sauce
[logs/Android_Any device name INFO ] 2020-11-30 12:14:52.190 - Entered with password : secret_sauce
[logs/Android_Any device name INFO ] 2020-11-30 12:14:52.279 - Element is visible
[logs/Android_Any device name INFO ] 2020-11-30 12:14:52.418 - Element is clicked
[logs/Android_Any device name INFO ] 2020-11-30 12:14:52.418 - Login button is clicked
[logs/Android_Any device name INFO ] 2020-11-30 18:57:50.220 - Android
[logs/Android_Any device name INFO ] 2020-11-30 18:57:55.443 - Field Usernameis cleared
[logs/Android_Any device name INFO ] 2020-11-30 18:57:55.549 - Element Usernameis visible
[logs/Android_Any device name INFO ] 2020-11-30 18:57:56.621 - Element standard_useris sent value: standard_user
[logs/Android_Any device name INFO ] 2020-11-30 18:57:56.622 - Entered with username : standard_user
[logs/Android_Any device name INFO ] 2020-11-30 18:57:57.195 - Field Passwordis cleared
[logs/Android_Any device name INFO ] 2020-11-30 18:57:57.282 - Element Passwordis visible
[logs/Android_Any device name INFO ] 2020-11-30 18:57:57.898 - Element •••••••••••••••is sent value: invalidpassword
[logs/Android_Any device name INFO ] 2020-11-30 18:57:57.898 - Entered with password : invalidpassword
[logs/Android_Any device name INFO ] 2020-11-30 18:57:57.987 - Element is visible
[logs/Android_Any device name INFO ] 2020-11-30 18:57:58.146 - Element is clicked
[logs/Android_Any device name INFO ] 2020-11-30 18:57:58.146 - Login button is clicked
[logs/Android_Any device name INFO ] 2020-11-30 18:57:59.073 - Element Username and password do not match any user in this service.is visible
[logs/Android_Any device name INFO ] 2020-11-30 18:57:59.179 - Text obtianed is : Username and password do not match any user in this service.
[logs/Android_Any device name INFO ] 2020-11-30 18:58:00.412 - Field Usernameis cleared
[logs/Android_Any device name INFO ] 2020-11-30 18:58:00.498 - Element Usernameis visible
[logs/Android_Any device name INFO ] 2020-11-30 18:58:01.091 - Element invalidusernameis sent value: invalidusername
[logs/Android_Any device name INFO ] 2020-11-30 18:58:01.091 - Entered with username : invalidusername
[logs/Android_Any device name INFO ] 2020-11-30 18:58:01.887 - Field Passwordis cleared
[logs/Android_Any device name INFO ] 2020-11-30 18:58:01.959 - Element Passwordis visible
[logs/Android_Any device name INFO ] 2020-11-30 18:58:03.045 - Element ••••••••••••is sent value: secret_sauce
[logs/Android_Any device name INFO ] 2020-11-30 18:58:03.045 - Entered with password : secret_sauce
[logs/Android_Any device name INFO ] 2020-11-30 18:58:03.128 - Element is visible
[logs/Android_Any device name INFO ] 2020-11-30 18:58:03.306 - Element is clicked
[logs/Android_Any device name INFO ] 2020-11-30 18:58:03.306 - Login button is clicked
[logs/Android_Any device name INFO ] 2020-11-30 18:58:03.761 - Element Username and password do not match any user in this service.is visible
[logs/Android_Any device name INFO ] 2020-11-30 18:58:03.895 - Text obtianed is : Username and password do not match any user in this service.
[logs/Android_Any device name INFO ] 2020-11-30 18:58:04.573 - Field Usernameis cleared
[logs/Android_Any device name INFO ] 2020-11-30 18:58:04.648 - Element Usernameis visible
[logs/Android_Any device name INFO ] 2020-11-30 18:58:05.728 - Element standard_useris sent value: standard_user
[logs/Android_Any device name INFO ] 2020-11-30 18:58:05.728 - Entered with username : standard_user
[logs/Android_Any device name INFO ] 2020-11-30 18:58:06.298 - Field Passwordis cleared
[logs/Android_Any device name INFO ] 2020-11-30 18:58:06.374 - Element Passwordis visible
[logs/Android_Any device name INFO ] 2020-11-30 18:58:07.471 - Element ••••••••••••is sent value: secret_sauce
[logs/Android_Any device name INFO ] 2020-11-30 18:58:07.471 - Entered with password : secret_sauce
[logs/Android_Any device name INFO ] 2020-11-30 18:58:07.579 - Element is visible
[logs/Android_Any device name INFO ] 2020-11-30 18:58:07.813 - Element is clicked
[logs/Android_Any device name INFO ] 2020-11-30 18:58:07.814 - Login button is clicked
[logs/Android_Any device name INFO ] 2020-12-03 12:10:52.004 - Android
[logs/Android_Any device name INFO ] 2020-12-03 12:10:56.338 - Field Usernameis cleared
[logs/Android_Any device name INFO ] 2020-12-03 12:10:56.596 - Element Usernameis visible
[logs/Android_Any device name INFO ] 2020-12-03 12:10:57.770 - Element standard_useris sent value: standard_user
[logs/Android_Any device name INFO ] 2020-12-03 12:10:57.771 - Entered with username : standard_user
[logs/Android_Any device name INFO ] 2020-12-03 12:10:58.372 - Field Passwordis cleared
[logs/Android_Any device name INFO ] 2020-12-03 12:10:58.462 - Element Passwordis visible
[logs/Android_Any device name INFO ] 2020-12-03 12:10:59.561 - Element •••••••••••••••is sent value: invalidpassword
[logs/Android_Any device name INFO ] 2020-12-03 12:10:59.562 - Entered with password : invalidpassword
[logs/Android_Any device name INFO ] 2020-12-03 12:10:59.673 - Element is visible
[logs/Android_Any device name INFO ] 2020-12-03 12:10:59.809 - Element is clicked
[logs/Android_Any device name INFO ] 2020-12-03 12:10:59.810 - Login button is clicked
[logs/Android_Any device name INFO ] 2020-12-03 12:11:00.568 - Element Username and password do not match any user in this service.is visible
[logs/Android_Any device name INFO ] 2020-12-03 12:11:00.674 - Text obtianed is : Username and password do not match any user in this service.
[logs/Android_Any device name INFO ] 2020-12-03 12:11:02.299 - Field Usernameis cleared
[logs/Android_Any device name INFO ] 2020-12-03 12:11:02.381 - Element Usernameis visible
[logs/Android_Any device name INFO ] 2020-12-03 12:11:03.467 - Element invalidusernameis sent value: invalidusername
[logs/Android_Any device name INFO ] 2020-12-03 12:11:03.468 - Entered with username : invalidusername
[logs/Android_Any device name INFO ] 2020-12-03 12:11:04.020 - Field Passwordis cleared
[logs/Android_Any device name INFO ] 2020-12-03 12:11:04.106 - Element Passwordis visible
[logs/Android_Any device name INFO ] 2020-12-03 12:11:05.191 - Element ••••••••••••is sent value: secret_sauce
[logs/Android_Any device name INFO ] 2020-12-03 12:11:05.191 - Entered with password : secret_sauce
[logs/Android_Any device name INFO ] 2020-12-03 12:11:05.268 - Element is visible
[logs/Android_Any device name INFO ] 2020-12-03 12:11:05.394 - Element is clicked
[logs/Android_Any device name INFO ] 2020-12-03 12:11:05.394 - Login button is clicked
[logs/Android_Any device name INFO ] 2020-12-03 12:11:05.617 - Element Username and password do not match any user in this service.is visible
[logs/Android_Any device name INFO ] 2020-12-03 12:11:05.715 - Text obtianed is : Username and password do not match any user in this service.
[logs/Android_Any device name INFO ] 2020-12-03 12:11:06.369 - Field Usernameis cleared
[logs/Android_Any device name INFO ] 2020-12-03 12:11:06.450 - Element Usernameis visible
[logs/Android_Any device name INFO ] 2020-12-03 12:11:07.041 - Element standard_useris sent value: standard_user
[logs/Android_Any device name INFO ] 2020-12-03 12:11:07.042 - Entered with username : standard_user
[logs/Android_Any device name INFO ] 2020-12-03 12:11:07.608 - Field Passwordis cleared
[logs/Android_Any device name INFO ] 2020-12-03 12:11:07.683 - Element Passwordis visible
[logs/Android_Any device name INFO ] 2020-12-03 12:11:08.271 - Element ••••••••••••is sent value: secret_sauce
[logs/Android_Any device name INFO ] 2020-12-03 12:11:08.272 - Entered with password : secret_sauce
[logs/Android_Any device name INFO ] 2020-12-03 12:11:08.346 - Element is visible
[logs/Android_Any device name INFO ] 2020-12-03 12:11:08.482 - Element is clicked
[logs/Android_Any device name INFO ] 2020-12-03 12:11:08.483 - Login button is clicked
